Add component: Footprint Not Found C_EL_D10MM-L11MM
Add component: Footprint Not Found C_1608[0603]
Add component: Footprint Not Found C_1608[0603]
Add component: Footprint Not Found C_2012[0805]
Add component: Footprint Not Found C_2012[0805]
Add component: Footprint Not Found C_2012[0805]
Add component: Footprint Not Found C_2012[0805]
Add component: Footprint Not Found C_2012[0805]
Add component: Footprint Not Found C_2012[0805]
Add component: Footprint Not Found C_2012[0805]
Add component: Footprint Not Found C_2012[0805]
Add component: Footprint Not Found C_2012[0805]
Add component: Footprint Not Found C_2012[0805]
Add component: Footprint Not Found C_2012[0805]
Add component: Footprint Not Found C_2012[0805]
Added Component: Designator=C2000000(C_EL_D10MM-L11MM)
Add component (AddParameter): Name = "Value"; Value = ".Value"; VariantName = "[No Variations]"
Add component: Footprint Not Found R_1005[0402]
Add component: Footprint Not Found R_1005[0402]
Add component: Footprint Not Found R_1005[0402]
Add component: Footprint Not Found R_1005[0402]
Add component: Footprint Not Found R_1005[0402]
Add component: Footprint Not Found R_1005[0402]
Add component: Footprint Not Found R_1005[0402]
Add component: Footprint Not Found R_1005[0402]
Add component: Footprint Not Found R_1005[0402]
Add component: Footprint Not Found R_1005[0402]
Add component: Footprint Not Found R_1005[0402]
Add component: Footprint Not Found R_1005[0402]
Add component: Footprint Not Found R_1005[0402]
Add component: Footprint Not Found R_1005[0402]
Add component: Footprint Not Found R_1005[0402]
Add Pin To Net: Unknown Pin: Pin C1-1
Add Pin To Net: Unknown Pin: Pin C1-2
Add Pin To Net: Unknown Pin: Pin C2A-1
Add Pin To Net: Unknown Pin: Pin C2A-2
Add Pin To Net: Unknown Pin: Pin C2B-1
Add Pin To Net: Unknown Pin: Pin C2B-2
Add Pin To Net: Unknown Pin: Pin C4A-1
Add Pin To Net: Unknown Pin: Pin C4A-2
Add Pin To Net: Unknown Pin: Pin C4B-1
Add Pin To Net: Unknown Pin: Pin C4B-2
Add Pin To Net: Unknown Pin: Pin C5A-1
Add Pin To Net: Unknown Pin: Pin C5A-2
Add Pin To Net: Unknown Pin: Pin C5B-1
Add Pin To Net: Unknown Pin: Pin C5B-2
Add Pin To Net: Unknown Pin: Pin C6A-1
Add Pin To Net: Unknown Pin: Pin C6A-2
Add Pin To Net: Unknown Pin: Pin C6B-1
Add Pin To Net: Unknown Pin: Pin C6B-2
Add Pin To Net: Unknown Pin: Pin C7A-1
Add Pin To Net: Unknown Pin: Pin C7A-2
Add Pin To Net: Unknown Pin: Pin C7B-1
Add Pin To Net: Unknown Pin: Pin C7B-2
Add Pin To Net: Unknown Pin: Pin C8A-1
Add Pin To Net: Unknown Pin: Pin C8A-2
Add Pin To Net: Unknown Pin: Pin C8B-1
Add Pin To Net: Unknown Pin: Pin C8B-2
Add Pin To Net: Unknown Pin: Pin C9A-1
Add Pin To Net: Unknown Pin: Pin C9A-2
Add Pin To Net: Unknown Pin: Pin C9B-1
Add Pin To Net: Unknown Pin: Pin C9B-2
Add Pin To Net: Unknown Pin: Pin R1-1
Add Pin To Net: Unknown Pin: Pin R1-2
Add Pin To Net: Unknown Pin: Pin R2-1
Add Pin To Net: Unknown Pin: Pin R2-2
Add Pin To Net: Unknown Pin: Pin R3-1
Add Pin To Net: Unknown Pin: Pin R3-2
Add Pin To Net: Unknown Pin: Pin R4-1
Add Pin To Net: Unknown Pin: Pin R4-2
Add Pin To Net: Unknown Pin: Pin R5A-1
Add Pin To Net: Unknown Pin: Pin R5A-2
Add Pin To Net: Unknown Pin: Pin R5B-1
Add Pin To Net: Unknown Pin: Pin R5B-2
Add Pin To Net: Unknown Pin: Pin R6-1
Add Pin To Net: Unknown Pin: Pin R6-2
Add Pin To Net: Unknown Pin: Pin R7-1
Add Pin To Net: Unknown Pin: Pin R7-2
Add Pin To Net: Unknown Pin: Pin R8-1
Add Pin To Net: Unknown Pin: Pin R8-2
Add Pin To Net: Unknown Pin: Pin R9-1
Add Pin To Net: Unknown Pin: Pin R9-2
Add Pin To Net: Unknown Pin: Pin R11-1
Add Pin To Net: Unknown Pin: Pin R11-2
Add Pin To Net: Unknown Pin: Pin R12-1
Add Pin To Net: Unknown Pin: Pin R12-2
Add Pin To Net: Unknown Pin: Pin R13-1
Add Pin To Net: Unknown Pin: Pin R13-2
Add Pin To Net: Unknown Pin: Pin R14-1
Add Pin To Net: Unknown Pin: Pin R14-2
Add Pin To Net: Unknown Pin: Pin R15-1
Add Pin To Net: Unknown Pin: Pin R15-2
Add Class Member: Failed to add class member : Component C1 CAP EL 100uF 63V 10MM
Add Class Member: Failed to add class member : Component C2A (C2) CAP CER 10nF 50V 0603
Add Class Member: Failed to add class member : Component C2B (C2) CAP CER 10nF 50V 0603
Add Class Member: Failed to add class member : Component C4A (C4) CAP CER 100nF 50V 0805
Add Class Member: Failed to add class member : Component C4B (C4) CAP CER 100nF 50V 0805
Add Class Member: Failed to add class member : Component C5A (C5) CAP CER 10uF 10V X7R 0805
Add Class Member: Failed to add class member : Component C5B (C5) CAP CER 10uF 10V X7R 0805
Add Class Member: Failed to add class member : Component C6A (C6) CAP CER 10uF 10V X7R 0805
Add Class Member: Failed to add class member : Component C6B (C6) CAP CER 10uF 10V X7R 0805
Add Class Member: Failed to add class member : Component C7A (C7) CAP CER 10uF 10V X7R 0805
Add Class Member: Failed to add class member : Component C7B (C7) CAP CER 10uF 10V X7R 0805
Add Class Member: Failed to add class member : Component C8A (C8) CAP CER 10uF 10V X7R 0805
Add Class Member: Failed to add class member : Component C8B (C8) CAP CER 10uF 10V X7R 0805
Add Class Member: Failed to add class member : Component C9A (C9) CAP CER 100nF 50V 0805
Add Class Member: Failed to add class member : Component C9B (C9) CAP CER 100nF 50V 0805
Added Member To Class: ClassName=U_Connecteur Member=Component C2000000 =Comment
Add Class Member: Failed to add class member : Component R1 Res 10k 1% 0402
Add Class Member: Failed to add class member : Component R2 Res 2k2 1% 0402
Add Class Member: Failed to add class member : Component R3 Res 2k2 1% 0402
Add Class Member: Failed to add class member : Component R4 Res 10k 1% 0402
Add Class Member: Failed to add class member : Component R5A (R5) Res 7k5 1% 0402
Add Class Member: Failed to add class member : Component R5B (R5) Res 7k5 1% 0402
Add Class Member: Failed to add class member : Component R6 Res 2k2 1% 0402
Add Class Member: Failed to add class member : Component R7 Res 2k2 1% 0402
Add Class Member: Failed to add class member : Component R8 Res 2k2 1% 0402
Add Class Member: Failed to add class member : Component R9 Res 2k2 1% 0402
Add Class Member: Failed to add class member : Component R11 Res 2k2 1% 0402
Add Class Member: Failed to add class member : Component R12 Res 2k2 1% 0402
Add Class Member: Failed to add class member : Component R13 Res 2k2 1% 0402
Add Class Member: Failed to add class member : Component R14 Res 2k2 1% 0402
Add Class Member: Failed to add class member : Component R15 Res 2k2 1% 0402
