Change Component Library : Designator=C1 Old Library=TEP_243-Altium_RLC-Lib.SCHLIB New Library=243-436-MikoBus-DrvMot.SCHLIB
Add component: Footprint Not Found C_1608[0603]
Add component: Footprint Not Found C_1608[0603]
Add component: Footprint Not Found C_2012[0805]
Add component: Footprint Not Found C_2012[0805]
Add component: Footprint Not Found C_2012[0805]
Add component: Footprint Not Found C_2012[0805]
Add component: Footprint Not Found C_2012[0805]
Add component: Footprint Not Found C_2012[0805]
Add component: Footprint Not Found C_2012[0805]
Add component: Footprint Not Found C_2012[0805]
Add component: Footprint Not Found C_2012[0805]
Add component: Footprint Not Found C_2012[0805]
Add component: Footprint Not Found C_2012[0805]
Add component: Footprint Not Found C_2012[0805]
Added Component: Designator=R1(R_1005[0402])
Add component (AddParameter): Name = "LibRef"; Value = "RES003"; VariantName = "[No Variations]"
Add component (AddParameter): Name = "Manufacturer 1"; Value = "Yageo"; VariantName = "[No Variations]"
Add component (AddParameter): Name = "Manufacturer Part Number 1"; Value = "RC0402FR-0710KL"; VariantName = "[No Variations]"
Add component (AddParameter): Name = "Max Working Voltage"; Value = "50V"; VariantName = "[No Variations]"
Add component (AddParameter): Name = "Mounting Technology"; Value = "SMT"; VariantName = "[No Variations]"
Add component (AddParameter): Name = "Puissance"; Value = "1/16W"; VariantName = "[No Variations]"
Add component (AddParameter): Name = "Revision"; Value = ""; VariantName = "[No Variations]"
Add component (AddParameter): Name = "Supplier 1"; Value = "LCSC"; VariantName = "[No Variations]"
Add component (AddParameter): Name = "Supplier Part Number 1"; Value = "C60490"; VariantName = "[No Variations]"
Add component (AddParameter): Name = "Tolerance"; Value = "1%"; VariantName = "[No Variations]"
Add component (AddParameter): Name = "Value"; Value = "10k"; VariantName = "[No Variations]"
Added Component: Designator=R2(R_1005[0402])
Add component (AddParameter): Name = "Code CEGEP"; Value = "RES2.2KSM"; VariantName = "[No Variations]"
Add component (AddParameter): Name = "LibRef"; Value = "RES008"; VariantName = "[No Variations]"
Add component (AddParameter): Name = "Manufacturer 1"; Value = "Yageo"; VariantName = "[No Variations]"
Add component (AddParameter): Name = "Manufacturer Part Number 1"; Value = "RC0402FR-072K2L"; VariantName = "[No Variations]"
Add component (AddParameter): Name = "Max Working Voltage"; Value = "50V"; VariantName = "[No Variations]"
Add component (AddParameter): Name = "Mounting Technology"; Value = "SMT"; VariantName = "[No Variations]"
Add component (AddParameter): Name = "Puissance"; Value = "1/16W"; VariantName = "[No Variations]"
Add component (AddParameter): Name = "Revision"; Value = ""; VariantName = "[No Variations]"
Add component (AddParameter): Name = "Supplier 1"; Value = "LCSC"; VariantName = "[No Variations]"
Add component (AddParameter): Name = "Supplier 2"; Value = "Digi-Key"; VariantName = "[No Variations]"
Add component (AddParameter): Name = "Supplier Part Number 1"; Value = "C114762"; VariantName = "[No Variations]"
Add component (AddParameter): Name = "Supplier Part Number 2"; Value = "311-2.20KLRCT-ND"; VariantName = "[No Variations]"
Add component (AddParameter): Name = "Tolerance"; Value = "1%"; VariantName = "[No Variations]"
Add component (AddParameter): Name = "Value"; Value = "2k2"; VariantName = "[No Variations]"
Added Component: Designator=R3(R_1005[0402])
Add component (AddParameter): Name = "Code CEGEP"; Value = "RES2.2KSM"; VariantName = "[No Variations]"
Add component (AddParameter): Name = "LibRef"; Value = "RES008"; VariantName = "[No Variations]"
Add component (AddParameter): Name = "Manufacturer 1"; Value = "Yageo"; VariantName = "[No Variations]"
Add component (AddParameter): Name = "Manufacturer Part Number 1"; Value = "RC0402FR-072K2L"; VariantName = "[No Variations]"
Add component (AddParameter): Name = "Max Working Voltage"; Value = "50V"; VariantName = "[No Variations]"
Add component (AddParameter): Name = "Mounting Technology"; Value = "SMT"; VariantName = "[No Variations]"
Add component (AddParameter): Name = "Puissance"; Value = "1/16W"; VariantName = "[No Variations]"
Add component (AddParameter): Name = "Revision"; Value = ""; VariantName = "[No Variations]"
Add component (AddParameter): Name = "Supplier 1"; Value = "LCSC"; VariantName = "[No Variations]"
Add component (AddParameter): Name = "Supplier 2"; Value = "Digi-Key"; VariantName = "[No Variations]"
Add component (AddParameter): Name = "Supplier Part Number 1"; Value = "C114762"; VariantName = "[No Variations]"
Add component (AddParameter): Name = "Supplier Part Number 2"; Value = "311-2.20KLRCT-ND"; VariantName = "[No Variations]"
Add component (AddParameter): Name = "Tolerance"; Value = "1%"; VariantName = "[No Variations]"
Add component (AddParameter): Name = "Value"; Value = "2k2"; VariantName = "[No Variations]"
Added Component: Designator=R4(R_1005[0402])
Add component (AddParameter): Name = "LibRef"; Value = "RES003"; VariantName = "[No Variations]"
Add component (AddParameter): Name = "Manufacturer 1"; Value = "Yageo"; VariantName = "[No Variations]"
Add component (AddParameter): Name = "Manufacturer Part Number 1"; Value = "RC0402FR-0710KL"; VariantName = "[No Variations]"
Add component (AddParameter): Name = "Max Working Voltage"; Value = "50V"; VariantName = "[No Variations]"
Add component (AddParameter): Name = "Mounting Technology"; Value = "SMT"; VariantName = "[No Variations]"
Add component (AddParameter): Name = "Puissance"; Value = "1/16W"; VariantName = "[No Variations]"
Add component (AddParameter): Name = "Revision"; Value = ""; VariantName = "[No Variations]"
Add component (AddParameter): Name = "Supplier 1"; Value = "LCSC"; VariantName = "[No Variations]"
Add component (AddParameter): Name = "Supplier Part Number 1"; Value = "C60490"; VariantName = "[No Variations]"
Add component (AddParameter): Name = "Tolerance"; Value = "1%"; VariantName = "[No Variations]"
Add component (AddParameter): Name = "Value"; Value = "10k"; VariantName = "[No Variations]"
Added Component: Designator=R5A(R_1005[0402])
Add component (AddParameter): Name = "LibRef"; Value = "RES027"; VariantName = "[No Variations]"
Add component (AddParameter): Name = "Manufacturer 1"; Value = "Yageo"; VariantName = "[No Variations]"
Add component (AddParameter): Name = "Manufacturer Part Number 1"; Value = "RC0402FR-077k5L"; VariantName = "[No Variations]"
Add component (AddParameter): Name = "Max Working Voltage"; Value = "50V"; VariantName = "[No Variations]"
Add component (AddParameter): Name = "Mounting Technology"; Value = "SMT"; VariantName = "[No Variations]"
Add component (AddParameter): Name = "Puissance"; Value = "1/16W"; VariantName = "[No Variations]"
Add component (AddParameter): Name = "Revision"; Value = ""; VariantName = "[No Variations]"
Add component (AddParameter): Name = "Supplier 1"; Value = "LCSC"; VariantName = "[No Variations]"
Add component (AddParameter): Name = "Supplier Part Number 1"; Value = "C137934"; VariantName = "[No Variations]"
Add component (AddParameter): Name = "Tolerance"; Value = "1%"; VariantName = "[No Variations]"
Add component (AddParameter): Name = "Value"; Value = "7k5"; VariantName = "[No Variations]"
Added Component: Designator=R5B(R_1005[0402])
Add component (AddParameter): Name = "LibRef"; Value = "RES027"; VariantName = "[No Variations]"
Add component (AddParameter): Name = "Manufacturer 1"; Value = "Yageo"; VariantName = "[No Variations]"
Add component (AddParameter): Name = "Manufacturer Part Number 1"; Value = "RC0402FR-077k5L"; VariantName = "[No Variations]"
Add component (AddParameter): Name = "Max Working Voltage"; Value = "50V"; VariantName = "[No Variations]"
Add component (AddParameter): Name = "Mounting Technology"; Value = "SMT"; VariantName = "[No Variations]"
Add component (AddParameter): Name = "Puissance"; Value = "1/16W"; VariantName = "[No Variations]"
Add component (AddParameter): Name = "Revision"; Value = ""; VariantName = "[No Variations]"
Add component (AddParameter): Name = "Supplier 1"; Value = "LCSC"; VariantName = "[No Variations]"
Add component (AddParameter): Name = "Supplier Part Number 1"; Value = "C137934"; VariantName = "[No Variations]"
Add component (AddParameter): Name = "Tolerance"; Value = "1%"; VariantName = "[No Variations]"
Add component (AddParameter): Name = "Value"; Value = "7k5"; VariantName = "[No Variations]"
Added Component: Designator=R6(R_1005[0402])
Add component (AddParameter): Name = "Code CEGEP"; Value = "RES2.2KSM"; VariantName = "[No Variations]"
Add component (AddParameter): Name = "LibRef"; Value = "RES008"; VariantName = "[No Variations]"
Add component (AddParameter): Name = "Manufacturer 1"; Value = "Yageo"; VariantName = "[No Variations]"
Add component (AddParameter): Name = "Manufacturer Part Number 1"; Value = "RC0402FR-072K2L"; VariantName = "[No Variations]"
Add component (AddParameter): Name = "Max Working Voltage"; Value = "50V"; VariantName = "[No Variations]"
Add component (AddParameter): Name = "Mounting Technology"; Value = "SMT"; VariantName = "[No Variations]"
Add component (AddParameter): Name = "Puissance"; Value = "1/16W"; VariantName = "[No Variations]"
Add component (AddParameter): Name = "Revision"; Value = ""; VariantName = "[No Variations]"
Add component (AddParameter): Name = "Supplier 1"; Value = "LCSC"; VariantName = "[No Variations]"
Add component (AddParameter): Name = "Supplier 2"; Value = "Digi-Key"; VariantName = "[No Variations]"
Add component (AddParameter): Name = "Supplier Part Number 1"; Value = "C114762"; VariantName = "[No Variations]"
Add component (AddParameter): Name = "Supplier Part Number 2"; Value = "311-2.20KLRCT-ND"; VariantName = "[No Variations]"
Add component (AddParameter): Name = "Tolerance"; Value = "1%"; VariantName = "[No Variations]"
Add component (AddParameter): Name = "Value"; Value = "2k2"; VariantName = "[No Variations]"
Added Component: Designator=R7(R_1005[0402])
Add component (AddParameter): Name = "Code CEGEP"; Value = "RES2.2KSM"; VariantName = "[No Variations]"
Add component (AddParameter): Name = "LibRef"; Value = "RES008"; VariantName = "[No Variations]"
Add component (AddParameter): Name = "Manufacturer 1"; Value = "Yageo"; VariantName = "[No Variations]"
Add component (AddParameter): Name = "Manufacturer Part Number 1"; Value = "RC0402FR-072K2L"; VariantName = "[No Variations]"
Add component (AddParameter): Name = "Max Working Voltage"; Value = "50V"; VariantName = "[No Variations]"
Add component (AddParameter): Name = "Mounting Technology"; Value = "SMT"; VariantName = "[No Variations]"
Add component (AddParameter): Name = "Puissance"; Value = "1/16W"; VariantName = "[No Variations]"
Add component (AddParameter): Name = "Revision"; Value = ""; VariantName = "[No Variations]"
Add component (AddParameter): Name = "Supplier 1"; Value = "LCSC"; VariantName = "[No Variations]"
Add component (AddParameter): Name = "Supplier 2"; Value = "Digi-Key"; VariantName = "[No Variations]"
Add component (AddParameter): Name = "Supplier Part Number 1"; Value = "C114762"; VariantName = "[No Variations]"
Add component (AddParameter): Name = "Supplier Part Number 2"; Value = "311-2.20KLRCT-ND"; VariantName = "[No Variations]"
Add component (AddParameter): Name = "Tolerance"; Value = "1%"; VariantName = "[No Variations]"
Add component (AddParameter): Name = "Value"; Value = "2k2"; VariantName = "[No Variations]"
Added Component: Designator=R8(R_1005[0402])
Add component (AddParameter): Name = "Code CEGEP"; Value = "RES2.2KSM"; VariantName = "[No Variations]"
Add component (AddParameter): Name = "LibRef"; Value = "RES008"; VariantName = "[No Variations]"
Add component (AddParameter): Name = "Manufacturer 1"; Value = "Yageo"; VariantName = "[No Variations]"
Add component (AddParameter): Name = "Manufacturer Part Number 1"; Value = "RC0402FR-072K2L"; VariantName = "[No Variations]"
Add component (AddParameter): Name = "Max Working Voltage"; Value = "50V"; VariantName = "[No Variations]"
Add component (AddParameter): Name = "Mounting Technology"; Value = "SMT"; VariantName = "[No Variations]"
Add component (AddParameter): Name = "Puissance"; Value = "1/16W"; VariantName = "[No Variations]"
Add component (AddParameter): Name = "Revision"; Value = ""; VariantName = "[No Variations]"
Add component (AddParameter): Name = "Supplier 1"; Value = "LCSC"; VariantName = "[No Variations]"
Add component (AddParameter): Name = "Supplier 2"; Value = "Digi-Key"; VariantName = "[No Variations]"
Add component (AddParameter): Name = "Supplier Part Number 1"; Value = "C114762"; VariantName = "[No Variations]"
Add component (AddParameter): Name = "Supplier Part Number 2"; Value = "311-2.20KLRCT-ND"; VariantName = "[No Variations]"
Add component (AddParameter): Name = "Tolerance"; Value = "1%"; VariantName = "[No Variations]"
Add component (AddParameter): Name = "Value"; Value = "2k2"; VariantName = "[No Variations]"
Added Component: Designator=R9(R_1005[0402])
Add component (AddParameter): Name = "Code CEGEP"; Value = "RES2.2KSM"; VariantName = "[No Variations]"
Add component (AddParameter): Name = "LibRef"; Value = "RES008"; VariantName = "[No Variations]"
Add component (AddParameter): Name = "Manufacturer 1"; Value = "Yageo"; VariantName = "[No Variations]"
Add component (AddParameter): Name = "Manufacturer Part Number 1"; Value = "RC0402FR-072K2L"; VariantName = "[No Variations]"
Add component (AddParameter): Name = "Max Working Voltage"; Value = "50V"; VariantName = "[No Variations]"
Add component (AddParameter): Name = "Mounting Technology"; Value = "SMT"; VariantName = "[No Variations]"
Add component (AddParameter): Name = "Puissance"; Value = "1/16W"; VariantName = "[No Variations]"
Add component (AddParameter): Name = "Revision"; Value = ""; VariantName = "[No Variations]"
Add component (AddParameter): Name = "Supplier 1"; Value = "LCSC"; VariantName = "[No Variations]"
Add component (AddParameter): Name = "Supplier 2"; Value = "Digi-Key"; VariantName = "[No Variations]"
Add component (AddParameter): Name = "Supplier Part Number 1"; Value = "C114762"; VariantName = "[No Variations]"
Add component (AddParameter): Name = "Supplier Part Number 2"; Value = "311-2.20KLRCT-ND"; VariantName = "[No Variations]"
Add component (AddParameter): Name = "Tolerance"; Value = "1%"; VariantName = "[No Variations]"
Add component (AddParameter): Name = "Value"; Value = "2k2"; VariantName = "[No Variations]"
Added Component: Designator=R11(R_1005[0402])
Add component (AddParameter): Name = "Code CEGEP"; Value = "RES2.2KSM"; VariantName = "[No Variations]"
Add component (AddParameter): Name = "LibRef"; Value = "RES008"; VariantName = "[No Variations]"
Add component (AddParameter): Name = "Manufacturer 1"; Value = "Yageo"; VariantName = "[No Variations]"
Add component (AddParameter): Name = "Manufacturer Part Number 1"; Value = "RC0402FR-072K2L"; VariantName = "[No Variations]"
Add component (AddParameter): Name = "Max Working Voltage"; Value = "50V"; VariantName = "[No Variations]"
Add component (AddParameter): Name = "Mounting Technology"; Value = "SMT"; VariantName = "[No Variations]"
Add component (AddParameter): Name = "Puissance"; Value = "1/16W"; VariantName = "[No Variations]"
Add component (AddParameter): Name = "Revision"; Value = ""; VariantName = "[No Variations]"
Add component (AddParameter): Name = "Supplier 1"; Value = "LCSC"; VariantName = "[No Variations]"
Add component (AddParameter): Name = "Supplier 2"; Value = "Digi-Key"; VariantName = "[No Variations]"
Add component (AddParameter): Name = "Supplier Part Number 1"; Value = "C114762"; VariantName = "[No Variations]"
Add component (AddParameter): Name = "Supplier Part Number 2"; Value = "311-2.20KLRCT-ND"; VariantName = "[No Variations]"
Add component (AddParameter): Name = "Tolerance"; Value = "1%"; VariantName = "[No Variations]"
Add component (AddParameter): Name = "Value"; Value = "DNP"; VariantName = "[No Variations]"
Added Component: Designator=R12(R_1005[0402])
Add component (AddParameter): Name = "Code CEGEP"; Value = "RES2.2KSM"; VariantName = "[No Variations]"
Add component (AddParameter): Name = "LibRef"; Value = "RES008"; VariantName = "[No Variations]"
Add component (AddParameter): Name = "Manufacturer 1"; Value = "Yageo"; VariantName = "[No Variations]"
Add component (AddParameter): Name = "Manufacturer Part Number 1"; Value = "RC0402FR-072K2L"; VariantName = "[No Variations]"
Add component (AddParameter): Name = "Max Working Voltage"; Value = "50V"; VariantName = "[No Variations]"
Add component (AddParameter): Name = "Mounting Technology"; Value = "SMT"; VariantName = "[No Variations]"
Add component (AddParameter): Name = "Puissance"; Value = "1/16W"; VariantName = "[No Variations]"
Add component (AddParameter): Name = "Revision"; Value = ""; VariantName = "[No Variations]"
Add component (AddParameter): Name = "Supplier 1"; Value = "LCSC"; VariantName = "[No Variations]"
Add component (AddParameter): Name = "Supplier 2"; Value = "Digi-Key"; VariantName = "[No Variations]"
Add component (AddParameter): Name = "Supplier Part Number 1"; Value = "C114762"; VariantName = "[No Variations]"
Add component (AddParameter): Name = "Supplier Part Number 2"; Value = "311-2.20KLRCT-ND"; VariantName = "[No Variations]"
Add component (AddParameter): Name = "Tolerance"; Value = "1%"; VariantName = "[No Variations]"
Add component (AddParameter): Name = "Value"; Value = "DNP"; VariantName = "[No Variations]"
Added Component: Designator=R13(R_1005[0402])
Add component (AddParameter): Name = "Code CEGEP"; Value = "RES2.2KSM"; VariantName = "[No Variations]"
Add component (AddParameter): Name = "LibRef"; Value = "RES008"; VariantName = "[No Variations]"
Add component (AddParameter): Name = "Manufacturer 1"; Value = "Yageo"; VariantName = "[No Variations]"
Add component (AddParameter): Name = "Manufacturer Part Number 1"; Value = "RC0402FR-072K2L"; VariantName = "[No Variations]"
Add component (AddParameter): Name = "Max Working Voltage"; Value = "50V"; VariantName = "[No Variations]"
Add component (AddParameter): Name = "Mounting Technology"; Value = "SMT"; VariantName = "[No Variations]"
Add component (AddParameter): Name = "Puissance"; Value = "1/16W"; VariantName = "[No Variations]"
Add component (AddParameter): Name = "Revision"; Value = ""; VariantName = "[No Variations]"
Add component (AddParameter): Name = "Supplier 1"; Value = "LCSC"; VariantName = "[No Variations]"
Add component (AddParameter): Name = "Supplier 2"; Value = "Digi-Key"; VariantName = "[No Variations]"
Add component (AddParameter): Name = "Supplier Part Number 1"; Value = "C114762"; VariantName = "[No Variations]"
Add component (AddParameter): Name = "Supplier Part Number 2"; Value = "311-2.20KLRCT-ND"; VariantName = "[No Variations]"
Add component (AddParameter): Name = "Tolerance"; Value = "1%"; VariantName = "[No Variations]"
Add component (AddParameter): Name = "Value"; Value = "DNP"; VariantName = "[No Variations]"
Added Component: Designator=R14(R_1005[0402])
Add component (AddParameter): Name = "Code CEGEP"; Value = "RES2.2KSM"; VariantName = "[No Variations]"
Add component (AddParameter): Name = "LibRef"; Value = "RES008"; VariantName = "[No Variations]"
Add component (AddParameter): Name = "Manufacturer 1"; Value = "Yageo"; VariantName = "[No Variations]"
Add component (AddParameter): Name = "Manufacturer Part Number 1"; Value = "RC0402FR-072K2L"; VariantName = "[No Variations]"
Add component (AddParameter): Name = "Max Working Voltage"; Value = "50V"; VariantName = "[No Variations]"
Add component (AddParameter): Name = "Mounting Technology"; Value = "SMT"; VariantName = "[No Variations]"
Add component (AddParameter): Name = "Puissance"; Value = "1/16W"; VariantName = "[No Variations]"
Add component (AddParameter): Name = "Revision"; Value = ""; VariantName = "[No Variations]"
Add component (AddParameter): Name = "Supplier 1"; Value = "LCSC"; VariantName = "[No Variations]"
Add component (AddParameter): Name = "Supplier 2"; Value = "Digi-Key"; VariantName = "[No Variations]"
Add component (AddParameter): Name = "Supplier Part Number 1"; Value = "C114762"; VariantName = "[No Variations]"
Add component (AddParameter): Name = "Supplier Part Number 2"; Value = "311-2.20KLRCT-ND"; VariantName = "[No Variations]"
Add component (AddParameter): Name = "Tolerance"; Value = "1%"; VariantName = "[No Variations]"
Add component (AddParameter): Name = "Value"; Value = "DNP"; VariantName = "[No Variations]"
Added Component: Designator=R15(R_1005[0402])
Add component (AddParameter): Name = "Code CEGEP"; Value = "RES2.2KSM"; VariantName = "[No Variations]"
Add component (AddParameter): Name = "LibRef"; Value = "RES008"; VariantName = "[No Variations]"
Add component (AddParameter): Name = "Manufacturer 1"; Value = "Yageo"; VariantName = "[No Variations]"
Add component (AddParameter): Name = "Manufacturer Part Number 1"; Value = "RC0402FR-072K2L"; VariantName = "[No Variations]"
Add component (AddParameter): Name = "Max Working Voltage"; Value = "50V"; VariantName = "[No Variations]"
Add component (AddParameter): Name = "Mounting Technology"; Value = "SMT"; VariantName = "[No Variations]"
Add component (AddParameter): Name = "Puissance"; Value = "1/16W"; VariantName = "[No Variations]"
Add component (AddParameter): Name = "Revision"; Value = ""; VariantName = "[No Variations]"
Add component (AddParameter): Name = "Supplier 1"; Value = "LCSC"; VariantName = "[No Variations]"
Add component (AddParameter): Name = "Supplier 2"; Value = "Digi-Key"; VariantName = "[No Variations]"
Add component (AddParameter): Name = "Supplier Part Number 1"; Value = "C114762"; VariantName = "[No Variations]"
Add component (AddParameter): Name = "Supplier Part Number 2"; Value = "311-2.20KLRCT-ND"; VariantName = "[No Variations]"
Add component (AddParameter): Name = "Tolerance"; Value = "1%"; VariantName = "[No Variations]"
Add component (AddParameter): Name = "Value"; Value = "DNP"; VariantName = "[No Variations]"
Added Component: Designator=R?(R_1005[0402])
Add component (AddParameter): Name = "LibRef"; Value = "RES003"; VariantName = "[No Variations]"
Add component (AddParameter): Name = "Manufacturer 1"; Value = "Vishay"; VariantName = "[No Variations]"
Add component (AddParameter): Name = "Manufacturer Part Number 1"; Value = "CR0402F1002T1LF"; VariantName = "[No Variations]"
Add component (AddParameter): Name = "Max Working Voltage"; Value = "50V"; VariantName = "[No Variations]"
Add component (AddParameter): Name = "Mounting Technology"; Value = "SMT"; VariantName = "[No Variations]"
Add component (AddParameter): Name = "Puissance"; Value = "1/16W"; VariantName = "[No Variations]"
Add component (AddParameter): Name = "Revision"; Value = ""; VariantName = "[No Variations]"
Add component (AddParameter): Name = "Supplier 1"; Value = "Digikey"; VariantName = "[No Variations]"
Add component (AddParameter): Name = "Supplier Part Number 1"; Value = "541-10.0KLCT-ND"; VariantName = "[No Variations]"
Add component (AddParameter): Name = "Tolerance"; Value = "1%"; VariantName = "[No Variations]"
Add component (AddParameter): Name = "Value"; Value = "10k"; VariantName = "[No Variations]"
Add Pin To Net: Unknown Pin: Pin C2A-1
Add Pin To Net: Unknown Pin: Pin C2A-2
Add Pin To Net: Unknown Pin: Pin C2B-1
Add Pin To Net: Unknown Pin: Pin C2B-2
Add Pin To Net: Unknown Pin: Pin C4A-1
Add Pin To Net: Unknown Pin: Pin C4A-2
Add Pin To Net: Unknown Pin: Pin C4B-1
Add Pin To Net: Unknown Pin: Pin C4B-2
Add Pin To Net: Unknown Pin: Pin C5A-1
Add Pin To Net: Unknown Pin: Pin C5A-2
Add Pin To Net: Unknown Pin: Pin C5B-1
Add Pin To Net: Unknown Pin: Pin C5B-2
Add Pin To Net: Unknown Pin: Pin C6A-1
Add Pin To Net: Unknown Pin: Pin C6A-2
Add Pin To Net: Unknown Pin: Pin C6B-1
Add Pin To Net: Unknown Pin: Pin C6B-2
Add Pin To Net: Unknown Pin: Pin C7A-1
Add Pin To Net: Unknown Pin: Pin C7A-2
Add Pin To Net: Unknown Pin: Pin C7B-1
Add Pin To Net: Unknown Pin: Pin C7B-2
Add Pin To Net: Unknown Pin: Pin C8A-1
Add Pin To Net: Unknown Pin: Pin C8A-2
Add Pin To Net: Unknown Pin: Pin C8B-1
Add Pin To Net: Unknown Pin: Pin C8B-2
Add Pin To Net: Unknown Pin: Pin C9A-1
Add Pin To Net: Unknown Pin: Pin C9A-2
Add Pin To Net: Unknown Pin: Pin C9B-1
Add Pin To Net: Unknown Pin: Pin C9B-2
Added Pin To Net: NetName=NetMB1_3 Pin=R1-1
Added Pin To Net: NetName=VCC_3.3V Pin=R1-2
Added Pin To Net: NetName=NetMB1_12 Pin=R2-1
Added Pin To Net: NetName=VCC_3.3V Pin=R2-2
Added Pin To Net: NetName=NetMB1_11 Pin=R3-1
Added Pin To Net: NetName=VCC_3.3V Pin=R3-2
Added Pin To Net: NetName=NetMB1_15 Pin=R4-1
Added Pin To Net: NetName=VCC_3.3V Pin=R4-2
Added Pin To Net: NetName=GND Pin=R5A-1
Added Pin To Net: NetName=NetC2A_2 Pin=R5A-2
Added Pin To Net: NetName=GND Pin=R5B-1
Added Pin To Net: NetName=NetC2B_2 Pin=R5B-2
Added Pin To Net: NetName=GND Pin=R6-1
Added Pin To Net: NetName=NetR6_2 Pin=R6-2
Added Pin To Net: NetName=GND Pin=R7-1
Added Pin To Net: NetName=NetR7_2 Pin=R7-2
Added Pin To Net: NetName=NetR8_1 Pin=R8-1
Added Pin To Net: NetName=VCC_3.3V Pin=R8-2
Added Pin To Net: NetName=GND Pin=R9-1
Added Pin To Net: NetName=NetR9_2 Pin=R9-2
Added Pin To Net: NetName=NetR6_2 Pin=R11-1
Added Pin To Net: NetName=VCC_3.3V Pin=R11-2
Added Pin To Net: NetName=NetR7_2 Pin=R12-1
Added Pin To Net: NetName=VCC_3.3V Pin=R12-2
Added Pin To Net: NetName=NetR13_1 Pin=R13-1
Added Pin To Net: NetName=VCC_3.3V Pin=R13-2
Added Pin To Net: NetName=NetR9_2 Pin=R14-1
Added Pin To Net: NetName=VCC_3.3V Pin=R14-2
Added Pin To Net: NetName=GND Pin=R15-1
Added Pin To Net: NetName=NetR8_1 Pin=R15-2
Add Class Member: Failed to add class member : Component C2A (C2) CAP CER 10nF 50V 0603
Add Class Member: Failed to add class member : Component C2B (C2) CAP CER 10nF 50V 0603
Add Class Member: Failed to add class member : Component C4A (C4) CAP CER 100nF 50V 0805
Add Class Member: Failed to add class member : Component C4B (C4) CAP CER 100nF 50V 0805
Add Class Member: Failed to add class member : Component C5A (C5) CAP CER 10uF 10V X7R 0805
Add Class Member: Failed to add class member : Component C5B (C5) CAP CER 10uF 10V X7R 0805
Add Class Member: Failed to add class member : Component C6A (C6) CAP CER 10uF 10V X7R 0805
Add Class Member: Failed to add class member : Component C6B (C6) CAP CER 10uF 10V X7R 0805
Add Class Member: Failed to add class member : Component C7A (C7) CAP CER 10uF 10V X7R 0805
Add Class Member: Failed to add class member : Component C7B (C7) CAP CER 10uF 10V X7R 0805
Add Class Member: Failed to add class member : Component C8A (C8) CAP CER 10uF 10V X7R 0805
Add Class Member: Failed to add class member : Component C8B (C8) CAP CER 10uF 10V X7R 0805
Add Class Member: Failed to add class member : Component C9A (C9) CAP CER 100nF 50V 0805
Add Class Member: Failed to add class member : Component C9B (C9) CAP CER 100nF 50V 0805
Added Member To Class: ClassName=U_Interface_Mikrobus Member=Component R1 Res 10k 1% 0402
Added Member To Class: ClassName=U_Interface_Mikrobus Member=Component R2 Res 2k2 1% 0402
Added Member To Class: ClassName=U_Interface_Mikrobus Member=Component R3 Res 2k2 1% 0402
Added Member To Class: ClassName=U_Interface_Mikrobus Member=Component R4 Res 10k 1% 0402
Added Member To Class: ClassName=U_Motor_Drive_A Member=Component R5A (R5) Res 7k5 1% 0402
Added Member To Class: ClassName=U_Motor_Drive_B Member=Component R5B (R5) Res 7k5 1% 0402
Added Member To Class: ClassName=Page_Tete Member=Component R6 Res 2k2 1% 0402
Added Member To Class: ClassName=Page_Tete Member=Component R7 Res 2k2 1% 0402
Added Member To Class: ClassName=Page_Tete Member=Component R8 Res 2k2 1% 0402
Added Member To Class: ClassName=Page_Tete Member=Component R9 Res 2k2 1% 0402
Added Member To Class: ClassName=Page_Tete Member=Component R11 Res 2k2 1% 0402
Added Member To Class: ClassName=Page_Tete Member=Component R12 Res 2k2 1% 0402
Added Member To Class: ClassName=Page_Tete Member=Component R13 Res 2k2 1% 0402
Added Member To Class: ClassName=Page_Tete Member=Component R14 Res 2k2 1% 0402
Added Member To Class: ClassName=Page_Tete Member=Component R15 Res 2k2 1% 0402
Added Member To Class: ClassName=U_Interface_Mikrobus Member=Component R? Res 10k 1% 0402
