Added Component: Designator=C2A(C_2012[0805])
Add component (AddParameter): Name = "Code CEGEP"; Value = "KCOND0142SM"; VariantName = "[No Variations]"
Add component (AddParameter): Name = "Dielectric"; Value = "X7R"; VariantName = "[No Variations]"
Add component (AddParameter): Name = "LibRef"; Value = "CAP008"; VariantName = "[No Variations]"
Add component (AddParameter): Name = "Manufacturer 1"; Value = "Yageo"; VariantName = "[No Variations]"
Add component (AddParameter): Name = "Manufacturer Part Number 1"; Value = "CC0805KRX7R9BB104"; VariantName = "[No Variations]"
Add component (AddParameter): Name = "Mounting Technology"; Value = "SMT"; VariantName = "[No Variations]"
Add component (AddParameter): Name = "Rated Voltage"; Value = "50V"; VariantName = "[No Variations]"
Add component (AddParameter): Name = "Revision"; Value = ""; VariantName = "[No Variations]"
Add component (AddParameter): Name = "Supplier 1"; Value = "LCSC"; VariantName = "[No Variations]"
Add component (AddParameter): Name = "Supplier Part Number 1"; Value = "C49678"; VariantName = "[No Variations]"
Add component (AddParameter): Name = "Tolerance"; Value = "10%"; VariantName = "[No Variations]"
Add component (AddParameter): Name = "Value"; Value = "100nF"; VariantName = "[No Variations]"
Added Component: Designator=C2B(C_2012[0805])
Add component (AddParameter): Name = "Code CEGEP"; Value = "KCOND0142SM"; VariantName = "[No Variations]"
Add component (AddParameter): Name = "Dielectric"; Value = "X7R"; VariantName = "[No Variations]"
Add component (AddParameter): Name = "LibRef"; Value = "CAP008"; VariantName = "[No Variations]"
Add component (AddParameter): Name = "Manufacturer 1"; Value = "Yageo"; VariantName = "[No Variations]"
Add component (AddParameter): Name = "Manufacturer Part Number 1"; Value = "CC0805KRX7R9BB104"; VariantName = "[No Variations]"
Add component (AddParameter): Name = "Mounting Technology"; Value = "SMT"; VariantName = "[No Variations]"
Add component (AddParameter): Name = "Rated Voltage"; Value = "50V"; VariantName = "[No Variations]"
Add component (AddParameter): Name = "Revision"; Value = ""; VariantName = "[No Variations]"
Add component (AddParameter): Name = "Supplier 1"; Value = "LCSC"; VariantName = "[No Variations]"
Add component (AddParameter): Name = "Supplier Part Number 1"; Value = "C49678"; VariantName = "[No Variations]"
Add component (AddParameter): Name = "Tolerance"; Value = "10%"; VariantName = "[No Variations]"
Add component (AddParameter): Name = "Value"; Value = "100nF"; VariantName = "[No Variations]"
Added Component: Designator=C3A(C_2012[0805])
Add component (AddParameter): Name = "Code CEGEP"; Value = "KCOND03SM"; VariantName = "[No Variations]"
Add component (AddParameter): Name = "Dielectric"; Value = "X7R"; VariantName = "[No Variations]"
Add component (AddParameter): Name = "LibRef"; Value = "CAP004"; VariantName = "[No Variations]"
Add component (AddParameter): Name = "Manufacturer 1"; Value = "muRata"; VariantName = "[No Variations]"
Add component (AddParameter): Name = "Manufacturer Part Number 1"; Value = "GRM21BR71A106KE51L"; VariantName = "[No Variations]"
Add component (AddParameter): Name = "Mounting Technology"; Value = "SMT"; VariantName = "[No Variations]"
Add component (AddParameter): Name = "Rated Voltage"; Value = "10V"; VariantName = "[No Variations]"
Add component (AddParameter): Name = "Revision"; Value = ""; VariantName = "[No Variations]"
Add component (AddParameter): Name = "Supplier 1"; Value = "LCSC"; VariantName = "[No Variations]"
Add component (AddParameter): Name = "Supplier Part Number 1"; Value = "C86038"; VariantName = "[No Variations]"
Add component (AddParameter): Name = "Tolerance"; Value = "10%"; VariantName = "[No Variations]"
Add component (AddParameter): Name = "Value"; Value = "10uF"; VariantName = "[No Variations]"
Added Component: Designator=C3B(C_2012[0805])
Add component (AddParameter): Name = "Code CEGEP"; Value = "KCOND03SM"; VariantName = "[No Variations]"
Add component (AddParameter): Name = "Dielectric"; Value = "X7R"; VariantName = "[No Variations]"
Add component (AddParameter): Name = "LibRef"; Value = "CAP004"; VariantName = "[No Variations]"
Add component (AddParameter): Name = "Manufacturer 1"; Value = "muRata"; VariantName = "[No Variations]"
Add component (AddParameter): Name = "Manufacturer Part Number 1"; Value = "GRM21BR71A106KE51L"; VariantName = "[No Variations]"
Add component (AddParameter): Name = "Mounting Technology"; Value = "SMT"; VariantName = "[No Variations]"
Add component (AddParameter): Name = "Rated Voltage"; Value = "10V"; VariantName = "[No Variations]"
Add component (AddParameter): Name = "Revision"; Value = ""; VariantName = "[No Variations]"
Add component (AddParameter): Name = "Supplier 1"; Value = "LCSC"; VariantName = "[No Variations]"
Add component (AddParameter): Name = "Supplier Part Number 1"; Value = "C86038"; VariantName = "[No Variations]"
Add component (AddParameter): Name = "Tolerance"; Value = "10%"; VariantName = "[No Variations]"
Add component (AddParameter): Name = "Value"; Value = "10uF"; VariantName = "[No Variations]"
Added Component: Designator=C4A(C_2012[0805])
Add component (AddParameter): Name = "Code CEGEP"; Value = "KCOND03SM"; VariantName = "[No Variations]"
Add component (AddParameter): Name = "Dielectric"; Value = "X7R"; VariantName = "[No Variations]"
Add component (AddParameter): Name = "LibRef"; Value = "CAP004"; VariantName = "[No Variations]"
Add component (AddParameter): Name = "Manufacturer 1"; Value = "muRata"; VariantName = "[No Variations]"
Add component (AddParameter): Name = "Manufacturer Part Number 1"; Value = "GRM21BR71A106KE51L"; VariantName = "[No Variations]"
Add component (AddParameter): Name = "Mounting Technology"; Value = "SMT"; VariantName = "[No Variations]"
Add component (AddParameter): Name = "Rated Voltage"; Value = "10V"; VariantName = "[No Variations]"
Add component (AddParameter): Name = "Revision"; Value = ""; VariantName = "[No Variations]"
Add component (AddParameter): Name = "Supplier 1"; Value = "LCSC"; VariantName = "[No Variations]"
Add component (AddParameter): Name = "Supplier Part Number 1"; Value = "C86038"; VariantName = "[No Variations]"
Add component (AddParameter): Name = "Tolerance"; Value = "10%"; VariantName = "[No Variations]"
Add component (AddParameter): Name = "Value"; Value = "10uF"; VariantName = "[No Variations]"
Added Component: Designator=C4B(C_2012[0805])
Add component (AddParameter): Name = "Code CEGEP"; Value = "KCOND03SM"; VariantName = "[No Variations]"
Add component (AddParameter): Name = "Dielectric"; Value = "X7R"; VariantName = "[No Variations]"
Add component (AddParameter): Name = "LibRef"; Value = "CAP004"; VariantName = "[No Variations]"
Add component (AddParameter): Name = "Manufacturer 1"; Value = "muRata"; VariantName = "[No Variations]"
Add component (AddParameter): Name = "Manufacturer Part Number 1"; Value = "GRM21BR71A106KE51L"; VariantName = "[No Variations]"
Add component (AddParameter): Name = "Mounting Technology"; Value = "SMT"; VariantName = "[No Variations]"
Add component (AddParameter): Name = "Rated Voltage"; Value = "10V"; VariantName = "[No Variations]"
Add component (AddParameter): Name = "Revision"; Value = ""; VariantName = "[No Variations]"
Add component (AddParameter): Name = "Supplier 1"; Value = "LCSC"; VariantName = "[No Variations]"
Add component (AddParameter): Name = "Supplier Part Number 1"; Value = "C86038"; VariantName = "[No Variations]"
Add component (AddParameter): Name = "Tolerance"; Value = "10%"; VariantName = "[No Variations]"
Add component (AddParameter): Name = "Value"; Value = "10uF"; VariantName = "[No Variations]"
Added Component: Designator=C5A(C_2012[0805])
Add component (AddParameter): Name = "Code CEGEP"; Value = "KCOND03SM"; VariantName = "[No Variations]"
Add component (AddParameter): Name = "Dielectric"; Value = "X7R"; VariantName = "[No Variations]"
Add component (AddParameter): Name = "LibRef"; Value = "CAP004"; VariantName = "[No Variations]"
Add component (AddParameter): Name = "Manufacturer 1"; Value = "muRata"; VariantName = "[No Variations]"
Add component (AddParameter): Name = "Manufacturer Part Number 1"; Value = "GRM21BR71A106KE51L"; VariantName = "[No Variations]"
Add component (AddParameter): Name = "Mounting Technology"; Value = "SMT"; VariantName = "[No Variations]"
Add component (AddParameter): Name = "Rated Voltage"; Value = "10V"; VariantName = "[No Variations]"
Add component (AddParameter): Name = "Revision"; Value = ""; VariantName = "[No Variations]"
Add component (AddParameter): Name = "Supplier 1"; Value = "LCSC"; VariantName = "[No Variations]"
Add component (AddParameter): Name = "Supplier Part Number 1"; Value = "C86038"; VariantName = "[No Variations]"
Add component (AddParameter): Name = "Tolerance"; Value = "10%"; VariantName = "[No Variations]"
Add component (AddParameter): Name = "Value"; Value = "10uF"; VariantName = "[No Variations]"
Added Component: Designator=C5B(C_2012[0805])
Add component (AddParameter): Name = "Code CEGEP"; Value = "KCOND03SM"; VariantName = "[No Variations]"
Add component (AddParameter): Name = "Dielectric"; Value = "X7R"; VariantName = "[No Variations]"
Add component (AddParameter): Name = "LibRef"; Value = "CAP004"; VariantName = "[No Variations]"
Add component (AddParameter): Name = "Manufacturer 1"; Value = "muRata"; VariantName = "[No Variations]"
Add component (AddParameter): Name = "Manufacturer Part Number 1"; Value = "GRM21BR71A106KE51L"; VariantName = "[No Variations]"
Add component (AddParameter): Name = "Mounting Technology"; Value = "SMT"; VariantName = "[No Variations]"
Add component (AddParameter): Name = "Rated Voltage"; Value = "10V"; VariantName = "[No Variations]"
Add component (AddParameter): Name = "Revision"; Value = ""; VariantName = "[No Variations]"
Add component (AddParameter): Name = "Supplier 1"; Value = "LCSC"; VariantName = "[No Variations]"
Add component (AddParameter): Name = "Supplier Part Number 1"; Value = "C86038"; VariantName = "[No Variations]"
Add component (AddParameter): Name = "Tolerance"; Value = "10%"; VariantName = "[No Variations]"
Add component (AddParameter): Name = "Value"; Value = "10uF"; VariantName = "[No Variations]"
Added Component: Designator=C6A(C_2012[0805])
Add component (AddParameter): Name = "Code CEGEP"; Value = "KCOND03SM"; VariantName = "[No Variations]"
Add component (AddParameter): Name = "Dielectric"; Value = "X7R"; VariantName = "[No Variations]"
Add component (AddParameter): Name = "LibRef"; Value = "CAP004"; VariantName = "[No Variations]"
Add component (AddParameter): Name = "Manufacturer 1"; Value = "muRata"; VariantName = "[No Variations]"
Add component (AddParameter): Name = "Manufacturer Part Number 1"; Value = "GRM21BR71A106KE51L"; VariantName = "[No Variations]"
Add component (AddParameter): Name = "Mounting Technology"; Value = "SMT"; VariantName = "[No Variations]"
Add component (AddParameter): Name = "Rated Voltage"; Value = "10V"; VariantName = "[No Variations]"
Add component (AddParameter): Name = "Revision"; Value = ""; VariantName = "[No Variations]"
Add component (AddParameter): Name = "Supplier 1"; Value = "LCSC"; VariantName = "[No Variations]"
Add component (AddParameter): Name = "Supplier Part Number 1"; Value = "C86038"; VariantName = "[No Variations]"
Add component (AddParameter): Name = "Tolerance"; Value = "10%"; VariantName = "[No Variations]"
Add component (AddParameter): Name = "Value"; Value = "10uF"; VariantName = "[No Variations]"
Added Component: Designator=C6B(C_2012[0805])
Add component (AddParameter): Name = "Code CEGEP"; Value = "KCOND03SM"; VariantName = "[No Variations]"
Add component (AddParameter): Name = "Dielectric"; Value = "X7R"; VariantName = "[No Variations]"
Add component (AddParameter): Name = "LibRef"; Value = "CAP004"; VariantName = "[No Variations]"
Add component (AddParameter): Name = "Manufacturer 1"; Value = "muRata"; VariantName = "[No Variations]"
Add component (AddParameter): Name = "Manufacturer Part Number 1"; Value = "GRM21BR71A106KE51L"; VariantName = "[No Variations]"
Add component (AddParameter): Name = "Mounting Technology"; Value = "SMT"; VariantName = "[No Variations]"
Add component (AddParameter): Name = "Rated Voltage"; Value = "10V"; VariantName = "[No Variations]"
Add component (AddParameter): Name = "Revision"; Value = ""; VariantName = "[No Variations]"
Add component (AddParameter): Name = "Supplier 1"; Value = "LCSC"; VariantName = "[No Variations]"
Add component (AddParameter): Name = "Supplier Part Number 1"; Value = "C86038"; VariantName = "[No Variations]"
Add component (AddParameter): Name = "Tolerance"; Value = "10%"; VariantName = "[No Variations]"
Add component (AddParameter): Name = "Value"; Value = "10uF"; VariantName = "[No Variations]"
Added Component: Designator=C7A(C_2012[0805])
Add component (AddParameter): Name = "Code CEGEP"; Value = "KCOND0142SM"; VariantName = "[No Variations]"
Add component (AddParameter): Name = "Dielectric"; Value = "X7R"; VariantName = "[No Variations]"
Add component (AddParameter): Name = "LibRef"; Value = "CAP008"; VariantName = "[No Variations]"
Add component (AddParameter): Name = "Manufacturer 1"; Value = "Yageo"; VariantName = "[No Variations]"
Add component (AddParameter): Name = "Manufacturer Part Number 1"; Value = "CC0805KRX7R9BB104"; VariantName = "[No Variations]"
Add component (AddParameter): Name = "Mounting Technology"; Value = "SMT"; VariantName = "[No Variations]"
Add component (AddParameter): Name = "Rated Voltage"; Value = "50V"; VariantName = "[No Variations]"
Add component (AddParameter): Name = "Revision"; Value = ""; VariantName = "[No Variations]"
Add component (AddParameter): Name = "Supplier 1"; Value = "LCSC"; VariantName = "[No Variations]"
Add component (AddParameter): Name = "Supplier Part Number 1"; Value = "C49678"; VariantName = "[No Variations]"
Add component (AddParameter): Name = "Tolerance"; Value = "10%"; VariantName = "[No Variations]"
Add component (AddParameter): Name = "Value"; Value = "100nF"; VariantName = "[No Variations]"
Added Component: Designator=C7B(C_2012[0805])
Add component (AddParameter): Name = "Code CEGEP"; Value = "KCOND0142SM"; VariantName = "[No Variations]"
Add component (AddParameter): Name = "Dielectric"; Value = "X7R"; VariantName = "[No Variations]"
Add component (AddParameter): Name = "LibRef"; Value = "CAP008"; VariantName = "[No Variations]"
Add component (AddParameter): Name = "Manufacturer 1"; Value = "Yageo"; VariantName = "[No Variations]"
Add component (AddParameter): Name = "Manufacturer Part Number 1"; Value = "CC0805KRX7R9BB104"; VariantName = "[No Variations]"
Add component (AddParameter): Name = "Mounting Technology"; Value = "SMT"; VariantName = "[No Variations]"
Add component (AddParameter): Name = "Rated Voltage"; Value = "50V"; VariantName = "[No Variations]"
Add component (AddParameter): Name = "Revision"; Value = ""; VariantName = "[No Variations]"
Add component (AddParameter): Name = "Supplier 1"; Value = "LCSC"; VariantName = "[No Variations]"
Add component (AddParameter): Name = "Supplier Part Number 1"; Value = "C49678"; VariantName = "[No Variations]"
Add component (AddParameter): Name = "Tolerance"; Value = "10%"; VariantName = "[No Variations]"
Add component (AddParameter): Name = "Value"; Value = "100nF"; VariantName = "[No Variations]"
Added Component: Designator=R?A(R_1005[0402])
Add component (AddParameter): Name = "Code CEGEP"; Value = "RES2.2KSM"; VariantName = "[No Variations]"
Add component (AddParameter): Name = "LibRef"; Value = "RES008"; VariantName = "[No Variations]"
Add component (AddParameter): Name = "Manufacturer 1"; Value = "Yageo"; VariantName = "[No Variations]"
Add component (AddParameter): Name = "Manufacturer Part Number 1"; Value = "RC0402FR-072K2L"; VariantName = "[No Variations]"
Add component (AddParameter): Name = "Max Working Voltage"; Value = "50V"; VariantName = "[No Variations]"
Add component (AddParameter): Name = "Mounting Technology"; Value = "SMT"; VariantName = "[No Variations]"
Add component (AddParameter): Name = "Puissance"; Value = "1/16W"; VariantName = "[No Variations]"
Add component (AddParameter): Name = "Revision"; Value = ""; VariantName = "[No Variations]"
Add component (AddParameter): Name = "Supplier 1"; Value = "LCSC"; VariantName = "[No Variations]"
Add component (AddParameter): Name = "Supplier 2"; Value = "Digi-Key"; VariantName = "[No Variations]"
Add component (AddParameter): Name = "Supplier Part Number 1"; Value = "C114762"; VariantName = "[No Variations]"
Add component (AddParameter): Name = "Supplier Part Number 2"; Value = "311-2.20KLRCT-ND"; VariantName = "[No Variations]"
Add component (AddParameter): Name = "Tolerance"; Value = "1%"; VariantName = "[No Variations]"
Add component (AddParameter): Name = "Value"; Value = "DNP"; VariantName = "[No Variations]"
Added Component: Designator=R?B(R_1005[0402])
Add component (AddParameter): Name = "Code CEGEP"; Value = "RES2.2KSM"; VariantName = "[No Variations]"
Add component (AddParameter): Name = "LibRef"; Value = "RES008"; VariantName = "[No Variations]"
Add component (AddParameter): Name = "Manufacturer 1"; Value = "Yageo"; VariantName = "[No Variations]"
Add component (AddParameter): Name = "Manufacturer Part Number 1"; Value = "RC0402FR-072K2L"; VariantName = "[No Variations]"
Add component (AddParameter): Name = "Max Working Voltage"; Value = "50V"; VariantName = "[No Variations]"
Add component (AddParameter): Name = "Mounting Technology"; Value = "SMT"; VariantName = "[No Variations]"
Add component (AddParameter): Name = "Puissance"; Value = "1/16W"; VariantName = "[No Variations]"
Add component (AddParameter): Name = "Revision"; Value = ""; VariantName = "[No Variations]"
Add component (AddParameter): Name = "Supplier 1"; Value = "LCSC"; VariantName = "[No Variations]"
Add component (AddParameter): Name = "Supplier 2"; Value = "Digi-Key"; VariantName = "[No Variations]"
Add component (AddParameter): Name = "Supplier Part Number 1"; Value = "C114762"; VariantName = "[No Variations]"
Add component (AddParameter): Name = "Supplier Part Number 2"; Value = "311-2.20KLRCT-ND"; VariantName = "[No Variations]"
Add component (AddParameter): Name = "Tolerance"; Value = "1%"; VariantName = "[No Variations]"
Add component (AddParameter): Name = "Value"; Value = "DNP"; VariantName = "[No Variations]"
Added Pin To Net: NetName=GND Pin=C2A-1
Added Pin To Net: NetName=VM Pin=C2A-2
Added Pin To Net: NetName=GND Pin=C2B-1
Added Pin To Net: NetName=VM Pin=C2B-2
Added Pin To Net: NetName=GND Pin=C3A-1
Added Pin To Net: NetName=VM Pin=C3A-2
Added Pin To Net: NetName=GND Pin=C3B-1
Added Pin To Net: NetName=VM Pin=C3B-2
Added Pin To Net: NetName=VM Pin=C4A-1
Added Pin To Net: NetName=GND Pin=C4A-2
Added Pin To Net: NetName=VM Pin=C4B-1
Added Pin To Net: NetName=GND Pin=C4B-2
Added Pin To Net: NetName=GND Pin=C5A-1
Added Pin To Net: NetName=VM Pin=C5A-2
Added Pin To Net: NetName=GND Pin=C5B-1
Added Pin To Net: NetName=VM Pin=C5B-2
Added Pin To Net: NetName=VM Pin=C6A-1
Added Pin To Net: NetName=GND Pin=C6A-2
Added Pin To Net: NetName=VM Pin=C6B-1
Added Pin To Net: NetName=GND Pin=C6B-2
Added Pin To Net: NetName=GND Pin=C7A-1
Added Pin To Net: NetName=VCC_3.3V Pin=C7A-2
Added Pin To Net: NetName=GND Pin=C7B-1
Added Pin To Net: NetName=VCC_3.3V Pin=C7B-2
Added Pin To Net: NetName=GND Pin=R?A-1
Added Pin To Net: NetName=VCC_3.3V Pin=R?A-2
Added Pin To Net: NetName=GND Pin=R?B-1
Added Pin To Net: NetName=VCC_3.3V Pin=R?B-2
Added Pin To Net: NetName=GND Pin=U1A-2
Added Pin To Net: NetName=GND Pin=U1A-16
Added Pin To Net: NetName=GND Pin=U1B-2
Added Pin To Net: NetName=GND Pin=U1B-16
Added Member To Class: ClassName=U_Connecteur Member=Component C1 =Comment
Added Member To Class: ClassName=U_Motor_Drive_A Member=Component C2A (C2) CAP CER 100nF 50V 0805
Added Member To Class: ClassName=U_Motor_Drive_B Member=Component C2B (C2) CAP CER 100nF 50V 0805
Added Member To Class: ClassName=U_Motor_Drive_A Member=Component C3A (C3) CAP CER 10uF 10V X7R 0805
Added Member To Class: ClassName=U_Motor_Drive_B Member=Component C3B (C3) CAP CER 10uF 10V X7R 0805
Added Member To Class: ClassName=U_Motor_Drive_A Member=Component C4A (C4) CAP CER 10uF 10V X7R 0805
Added Member To Class: ClassName=U_Motor_Drive_B Member=Component C4B (C4) CAP CER 10uF 10V X7R 0805
Added Member To Class: ClassName=U_Motor_Drive_A Member=Component C5A (C5) CAP CER 10uF 10V X7R 0805
Added Member To Class: ClassName=U_Motor_Drive_B Member=Component C5B (C5) CAP CER 10uF 10V X7R 0805
Added Member To Class: ClassName=U_Motor_Drive_A Member=Component C6A (C6) CAP CER 10uF 10V X7R 0805
Added Member To Class: ClassName=U_Motor_Drive_B Member=Component C6B (C6) CAP CER 10uF 10V X7R 0805
Added Member To Class: ClassName=U_Motor_Drive_A Member=Component C7A (C7) CAP CER 100nF 50V 0805
Added Member To Class: ClassName=U_Motor_Drive_B Member=Component C7B (C7) CAP CER 100nF 50V 0805
Added Member To Class: ClassName=U_Motor_Drive_A Member=Component C8A (C8) CAP CER 10nF 50V X7R 0402
Added Member To Class: ClassName=U_Motor_Drive_B Member=Component C8B (C8) CAP CER 10nF 50V X7R 0402
Added Member To Class: ClassName=U_Connecteur Member=Component J1 DB301V-3.5-2P-GN-S
Added Member To Class: ClassName=U_Motor_Drive_A Member=Component J2A (J2) DB301V-3.5-2P-GN-S
Added Member To Class: ClassName=U_Motor_Drive_B Member=Component J2B (J2) DB301V-3.5-2P-GN-S
Added Member To Class: ClassName=U_Interface_Mikrobus Member=Component MB1 mikroBUS
Added Member To Class: ClassName=Page_Tete Member=Component R1 Res 2k2 1% 0402
Added Member To Class: ClassName=Page_Tete Member=Component R2 Res 2k2 1% 0402
Added Member To Class: ClassName=Page_Tete Member=Component R3 Res 2k2 1% 0402
Added Member To Class: ClassName=Page_Tete Member=Component R4 Res 2k2 1% 0402
Added Member To Class: ClassName=Page_Tete Member=Component R5 Res 2k2 1% 0402
Added Member To Class: ClassName=Page_Tete Member=Component R6 Res 2k2 1% 0402
Added Member To Class: ClassName=Page_Tete Member=Component R7 Res 2k2 1% 0402
Added Member To Class: ClassName=Page_Tete Member=Component R8 Res 2k2 1% 0402
Added Member To Class: ClassName=Page_Tete Member=Component R9 Res 2k2 1% 0402
Added Member To Class: ClassName=U_Interface_Mikrobus Member=Component R10 Res 10k 1% 0402
Added Member To Class: ClassName=U_Interface_Mikrobus Member=Component R11 Res 2k2 1% 0402
Added Member To Class: ClassName=U_Interface_Mikrobus Member=Component R12 Res 2k2 1% 0402
Added Member To Class: ClassName=U_Interface_Mikrobus Member=Component R13 Res 10k 1% 0402
Added Member To Class: ClassName=U_Motor_Drive_A Member=Component R14A (R14) Res 7k5 1% 0402
Added Member To Class: ClassName=U_Motor_Drive_B Member=Component R14B (R14) Res 7k5 1% 0402
Added Member To Class: ClassName=U_Motor_Drive_A Member=Component R?A (R?) Res 2k2 1% 0402
Added Member To Class: ClassName=U_Motor_Drive_B Member=Component R?B (R?) Res 2k2 1% 0402
Added Member To Class: ClassName=U_Motor_Drive_A Member=Component U1A (U1) DRV8234RTER
Added Member To Class: ClassName=U_Motor_Drive_B Member=Component U1B (U1) DRV8234RTER
